<?xml version="1.0" encoding="UTF-8"?>
<!-- Generated by org.testng.reporters.JUnitReportReporter -->
<testsuite hostname="Samhitha_PC" failures="0" tests="1" name="com.test.Test_Method" time="26.100" errors="0" timestamp="30 Jun 2019 04:53:12 GMT">
  <testcase classname="com.test.Test_Method" name="test" time="26.100"/>
</testsuite> <!-- com.test.Test_Method -->
